[26/Aug/2019:22:50:32 +0300] 0:0:0:0:0:0:0:1 "GET /swagger-ui.html HTTP/1.1" 200 (55 ms)
[26/Aug/2019:22:50:32 +0300] 0:0:0:0:0:0:0:1 "GET /webjars/springfox-swagger-ui/springfox.css?v=2.9.2 HTTP/1.1" 200 (13 ms)
[26/Aug/2019:22:50:32 +0300] 0:0:0:0:0:0:0:1 "GET /webjars/springfox-swagger-ui/swagger-ui.css?v=2.9.2 HTTP/1.1" 200 (15 ms)
[26/Aug/2019:22:50:32 +0300] 0:0:0:0:0:0:0:1 "GET /webjars/springfox-swagger-ui/springfox.js?v=2.9.2 HTTP/1.1" 200 (10 ms)
[26/Aug/2019:22:50:32 +0300] 0:0:0:0:0:0:0:1 "GET /webjars/springfox-swagger-ui/swagger-ui-standalone-preset.js?v=2.9.2 HTTP/1.1" 200 (24 ms)
[26/Aug/2019:22:50:32 +0300] 0:0:0:0:0:0:0:1 "GET /webjars/springfox-swagger-ui/swagger-ui-bundle.js?v=2.9.2 HTTP/1.1" 200 (50 ms)
[26/Aug/2019:22:50:32 +0300] 0:0:0:0:0:0:0:1 "GET /swagger-resources/configuration/ui HTTP/1.1" 404 (28 ms)
[26/Aug/2019:22:50:32 +0300] 0:0:0:0:0:0:0:1 "GET /webjars/springfox-swagger-ui/favicon-32x32.png?v=2.9.2 HTTP/1.1" 404 (24 ms)
[26/Aug/2019:22:50:32 +0300] 0:0:0:0:0:0:0:1 "GET /swagger-resources/configuration/security HTTP/1.1" 404 (2 ms)
[26/Aug/2019:22:50:32 +0300] 0:0:0:0:0:0:0:1 "GET /webjars/springfox-swagger-ui/favicon-16x16.png?v=2.9.2 HTTP/1.1" 404 (2 ms)
[26/Aug/2019:22:50:32 +0300] 0:0:0:0:0:0:0:1 "GET /swagger-resources HTTP/1.1" 404 (3 ms)
[26/Aug/2019:22:50:34 +0300] 0:0:0:0:0:0:0:1 "GET /swagger-ui.html/swagger-resources/configuration/ui HTTP/1.1" 404 (4 ms)
[26/Aug/2019:22:50:34 +0300] 0:0:0:0:0:0:0:1 "GET /swagger-ui.html/swagger-resources/configuration/security HTTP/1.1" 404 (2 ms)
[26/Aug/2019:22:50:34 +0300] 0:0:0:0:0:0:0:1 "GET /swagger-ui.html/swagger-resources HTTP/1.1" 404 (2 ms)
[26/Aug/2019:22:50:35 +0300] 0:0:0:0:0:0:0:1 "GET /swagger-ui.html/swagger-resources/configuration/ui HTTP/1.1" 404 (2 ms)
[26/Aug/2019:22:50:35 +0300] 0:0:0:0:0:0:0:1 "GET /swagger-ui.html/swagger-resources/configuration/security HTTP/1.1" 404 (2 ms)
[26/Aug/2019:22:50:35 +0300] 0:0:0:0:0:0:0:1 "GET /swagger-ui.html/swagger-resources HTTP/1.1" 404 (2 ms)
[26/Aug/2019:22:50:49 +0300] 0:0:0:0:0:0:0:1 "GET /null/swagger-resources/configuration/ui HTTP/1.1" 404 (3 ms)
[26/Aug/2019:22:50:49 +0300] 0:0:0:0:0:0:0:1 "GET /null/swagger-resources/configuration/security HTTP/1.1" 404 (5 ms)
[26/Aug/2019:22:50:49 +0300] 0:0:0:0:0:0:0:1 "GET /null/swagger-resources HTTP/1.1" 404 (2 ms)
