[24/Aug/2019:15:56:35 +0300] 0:0:0:0:0:0:0:1 "GET /hystrix HTTP/1.1" 200 (379 ms)
[24/Aug/2019:15:56:35 +0300] 0:0:0:0:0:0:0:1 "GET /webjars/jquery/2.1.1/jquery.min.js HTTP/1.1" 200 (29 ms)
[24/Aug/2019:15:56:35 +0300] 0:0:0:0:0:0:0:1 "GET /hystrix/images/hystrix-logo.png HTTP/1.1" 404 (45 ms)
[24/Aug/2019:15:56:36 +0300] 0:0:0:0:0:0:0:1 "GET /favicon.ico HTTP/1.1" 404 (20 ms)
[24/Aug/2019:15:56:58 +0300] 0:0:0:0:0:0:0:1 "GET /hystrix/monitor?stream=http%3A%2F%2Flocalhost%3A8000 HTTP/1.1" 200 (18 ms)
[24/Aug/2019:15:56:58 +0300] 0:0:0:0:0:0:0:1 "GET /hystrix/css/global.css HTTP/1.1" 404 (7 ms)
[24/Aug/2019:15:56:58 +0300] 0:0:0:0:0:0:0:1 "GET /hystrix/css/monitor.css HTTP/1.1" 404 (9 ms)
[24/Aug/2019:15:56:58 +0300] 0:0:0:0:0:0:0:1 "GET /hystrix/js/jquery.tinysort.min.js HTTP/1.1" 404 (6 ms)
[24/Aug/2019:15:56:58 +0300] 0:0:0:0:0:0:0:1 "GET /webjars/d3js/3.4.11/d3.min.js HTTP/1.1" 200 (13 ms)
[24/Aug/2019:15:56:58 +0300] 0:0:0:0:0:0:0:1 "GET /hystrix/js/tmpl.js HTTP/1.1" 404 (8 ms)
[24/Aug/2019:15:56:58 +0300] 0:0:0:0:0:0:0:1 "GET /hystrix/components/hystrixCommand/hystrixCommand.css HTTP/1.1" 404 (5 ms)
[24/Aug/2019:15:56:58 +0300] 0:0:0:0:0:0:0:1 "GET /hystrix/components/hystrixCommand/hystrixCommand.js HTTP/1.1" 404 (5 ms)
[24/Aug/2019:15:56:58 +0300] 0:0:0:0:0:0:0:1 "GET /hystrix/components/hystrixThreadPool/hystrixThreadPool.js HTTP/1.1" 404 (6 ms)
[24/Aug/2019:15:56:58 +0300] 0:0:0:0:0:0:0:1 "GET /hystrix/components/hystrixThreadPool/hystrixThreadPool.css HTTP/1.1" 404 (6 ms)
[24/Aug/2019:15:56:58 +0300] 0:0:0:0:0:0:0:1 "GET /hystrix/js/jquery.tinysort.min.js HTTP/1.1" 404 (5 ms)
[24/Aug/2019:15:56:58 +0300] 0:0:0:0:0:0:0:1 "GET /hystrix/js/tmpl.js HTTP/1.1" 404 (3 ms)
[24/Aug/2019:15:56:58 +0300] 0:0:0:0:0:0:0:1 "GET /hystrix/components/hystrixCommand/hystrixCommand.js HTTP/1.1" 404 (4 ms)
[24/Aug/2019:15:56:58 +0300] 0:0:0:0:0:0:0:1 "GET /hystrix/components/hystrixCommand/hystrixCommand.css HTTP/1.1" 404 (3 ms)
[24/Aug/2019:15:56:58 +0300] 0:0:0:0:0:0:0:1 "GET /hystrix/components/hystrixThreadPool/hystrixThreadPool.js HTTP/1.1" 404 (3 ms)
[24/Aug/2019:15:56:58 +0300] 0:0:0:0:0:0:0:1 "GET /hystrix/components/hystrixThreadPool/hystrixThreadPool.css HTTP/1.1" 404 (6 ms)
[24/Aug/2019:15:59:03 +0300] 0:0:0:0:0:0:0:1 "POST /api/v1/accounts HTTP/1.1" 201 (272 ms)
[24/Aug/2019:16:00:38 +0300] 0:0:0:0:0:0:0:1 "GET /hystrix/monitor?stream=http%3A%2F%2Flocalhost%3A8000 HTTP/1.1" 200 (12 ms)
[24/Aug/2019:16:00:38 +0300] 0:0:0:0:0:0:0:1 "GET /hystrix/css/global.css HTTP/1.1" 404 (6 ms)
[24/Aug/2019:16:00:38 +0300] 0:0:0:0:0:0:0:1 "GET /hystrix/css/monitor.css HTTP/1.1" 404 (6 ms)
[24/Aug/2019:16:00:38 +0300] 0:0:0:0:0:0:0:1 "GET /hystrix/js/jquery.tinysort.min.js HTTP/1.1" 404 (5 ms)
[24/Aug/2019:16:00:38 +0300] 0:0:0:0:0:0:0:1 "GET /hystrix/js/tmpl.js HTTP/1.1" 404 (5 ms)
[24/Aug/2019:16:00:38 +0300] 0:0:0:0:0:0:0:1 "GET /hystrix/components/hystrixCommand/hystrixCommand.css HTTP/1.1" 404 (5 ms)
[24/Aug/2019:16:00:38 +0300] 0:0:0:0:0:0:0:1 "GET /hystrix/components/hystrixCommand/hystrixCommand.js HTTP/1.1" 404 (4 ms)
[24/Aug/2019:16:00:38 +0300] 0:0:0:0:0:0:0:1 "GET /hystrix/components/hystrixThreadPool/hystrixThreadPool.css HTTP/1.1" 404 (5 ms)
[24/Aug/2019:16:00:38 +0300] 0:0:0:0:0:0:0:1 "GET /hystrix/components/hystrixThreadPool/hystrixThreadPool.js HTTP/1.1" 404 (4 ms)
[24/Aug/2019:16:00:38 +0300] 0:0:0:0:0:0:0:1 "GET /hystrix/js/jquery.tinysort.min.js HTTP/1.1" 404 (3 ms)
[24/Aug/2019:16:00:38 +0300] 0:0:0:0:0:0:0:1 "GET /hystrix/js/tmpl.js HTTP/1.1" 404 (3 ms)
[24/Aug/2019:16:00:38 +0300] 0:0:0:0:0:0:0:1 "GET /hystrix/components/hystrixCommand/hystrixCommand.js HTTP/1.1" 404 (4 ms)
[24/Aug/2019:16:00:38 +0300] 0:0:0:0:0:0:0:1 "GET /hystrix/components/hystrixThreadPool/hystrixThreadPool.js HTTP/1.1" 404 (3 ms)
[24/Aug/2019:16:00:38 +0300] 0:0:0:0:0:0:0:1 "GET /hystrix/components/hystrixCommand/hystrixCommand.css HTTP/1.1" 404 (3 ms)
[24/Aug/2019:16:00:38 +0300] 0:0:0:0:0:0:0:1 "GET /hystrix/components/hystrixThreadPool/hystrixThreadPool.css HTTP/1.1" 404 (3 ms)
[24/Aug/2019:16:00:39 +0300] 0:0:0:0:0:0:0:1 "GET /hystrix/monitor?stream=http%3A%2F%2Flocalhost%3A8000 HTTP/1.1" 200 (6 ms)
[24/Aug/2019:16:00:39 +0300] 0:0:0:0:0:0:0:1 "GET /hystrix/css/global.css HTTP/1.1" 404 (5 ms)
[24/Aug/2019:16:00:39 +0300] 0:0:0:0:0:0:0:1 "GET /hystrix/js/tmpl.js HTTP/1.1" 404 (4 ms)
[24/Aug/2019:16:00:39 +0300] 0:0:0:0:0:0:0:1 "GET /hystrix/js/jquery.tinysort.min.js HTTP/1.1" 404 (7 ms)
[24/Aug/2019:16:00:39 +0300] 0:0:0:0:0:0:0:1 "GET /hystrix/components/hystrixCommand/hystrixCommand.js HTTP/1.1" 404 (4 ms)
[24/Aug/2019:16:00:39 +0300] 0:0:0:0:0:0:0:1 "GET /hystrix/components/hystrixCommand/hystrixCommand.css HTTP/1.1" 404 (4 ms)
[24/Aug/2019:16:00:39 +0300] 0:0:0:0:0:0:0:1 "GET /hystrix/css/monitor.css HTTP/1.1" 404 (8 ms)
[24/Aug/2019:16:00:39 +0300] 0:0:0:0:0:0:0:1 "GET /hystrix/components/hystrixThreadPool/hystrixThreadPool.css HTTP/1.1" 404 (6 ms)
[24/Aug/2019:16:00:39 +0300] 0:0:0:0:0:0:0:1 "GET /hystrix/components/hystrixThreadPool/hystrixThreadPool.js HTTP/1.1" 404 (4 ms)
[24/Aug/2019:16:00:39 +0300] 0:0:0:0:0:0:0:1 "GET /hystrix/js/jquery.tinysort.min.js HTTP/1.1" 404 (3 ms)
[24/Aug/2019:16:00:39 +0300] 0:0:0:0:0:0:0:1 "GET /hystrix/js/tmpl.js HTTP/1.1" 404 (3 ms)
[24/Aug/2019:16:00:39 +0300] 0:0:0:0:0:0:0:1 "GET /hystrix/components/hystrixCommand/hystrixCommand.js HTTP/1.1" 404 (3 ms)
[24/Aug/2019:16:00:39 +0300] 0:0:0:0:0:0:0:1 "GET /hystrix/components/hystrixThreadPool/hystrixThreadPool.js HTTP/1.1" 404 (2 ms)
[24/Aug/2019:16:00:39 +0300] 0:0:0:0:0:0:0:1 "GET /hystrix/components/hystrixCommand/hystrixCommand.css HTTP/1.1" 404 (2 ms)
[24/Aug/2019:16:00:39 +0300] 0:0:0:0:0:0:0:1 "GET /hystrix/components/hystrixThreadPool/hystrixThreadPool.css HTTP/1.1" 404 (5 ms)
[24/Aug/2019:16:00:49 +0300] 0:0:0:0:0:0:0:1 "GET /hystrix/monitor?stream=localhost%3A8000%2Fapi%2Fv1%2Faccounts HTTP/1.1" 200 (11 ms)
[24/Aug/2019:16:00:49 +0300] 0:0:0:0:0:0:0:1 "GET /hystrix/css/global.css HTTP/1.1" 404 (6 ms)
[24/Aug/2019:16:00:49 +0300] 0:0:0:0:0:0:0:1 "GET /hystrix/css/monitor.css HTTP/1.1" 404 (4 ms)
[24/Aug/2019:16:00:49 +0300] 0:0:0:0:0:0:0:1 "GET /hystrix/js/tmpl.js HTTP/1.1" 404 (5 ms)
[24/Aug/2019:16:00:49 +0300] 0:0:0:0:0:0:0:1 "GET /hystrix/js/jquery.tinysort.min.js HTTP/1.1" 404 (5 ms)
[24/Aug/2019:16:00:49 +0300] 0:0:0:0:0:0:0:1 "GET /hystrix/components/hystrixThreadPool/hystrixThreadPool.js HTTP/1.1" 404 (4 ms)
[24/Aug/2019:16:00:49 +0300] 0:0:0:0:0:0:0:1 "GET /hystrix/components/hystrixCommand/hystrixCommand.js HTTP/1.1" 404 (4 ms)
[24/Aug/2019:16:00:49 +0300] 0:0:0:0:0:0:0:1 "GET /hystrix/components/hystrixCommand/hystrixCommand.css HTTP/1.1" 404 (4 ms)
[24/Aug/2019:16:00:49 +0300] 0:0:0:0:0:0:0:1 "GET /hystrix/components/hystrixThreadPool/hystrixThreadPool.css HTTP/1.1" 404 (7 ms)
[24/Aug/2019:16:00:49 +0300] 0:0:0:0:0:0:0:1 "GET /hystrix/js/jquery.tinysort.min.js HTTP/1.1" 404 (3 ms)
[24/Aug/2019:16:00:49 +0300] 0:0:0:0:0:0:0:1 "GET /hystrix/js/tmpl.js HTTP/1.1" 404 (4 ms)
[24/Aug/2019:16:00:49 +0300] 0:0:0:0:0:0:0:1 "GET /hystrix/components/hystrixCommand/hystrixCommand.js HTTP/1.1" 404 (4 ms)
[24/Aug/2019:16:00:49 +0300] 0:0:0:0:0:0:0:1 "GET /hystrix/components/hystrixThreadPool/hystrixThreadPool.js HTTP/1.1" 404 (3 ms)
[24/Aug/2019:16:00:49 +0300] 0:0:0:0:0:0:0:1 "GET /hystrix/components/hystrixCommand/hystrixCommand.css HTTP/1.1" 404 (3 ms)
[24/Aug/2019:16:00:49 +0300] 0:0:0:0:0:0:0:1 "GET /hystrix/components/hystrixThreadPool/hystrixThreadPool.css HTTP/1.1" 404 (3 ms)
[24/Aug/2019:16:01:01 +0300] 0:0:0:0:0:0:0:1 "GET /hystrix/monitor?stream=localhost%3A8000%2Fapi%2Fv1%2Faccounts HTTP/1.1" 200 (10 ms)
[24/Aug/2019:16:01:01 +0300] 0:0:0:0:0:0:0:1 "GET /hystrix/css/global.css HTTP/1.1" 404 (4 ms)
[24/Aug/2019:16:01:01 +0300] 0:0:0:0:0:0:0:1 "GET /hystrix/js/jquery.tinysort.min.js HTTP/1.1" 404 (4 ms)
[24/Aug/2019:16:01:01 +0300] 0:0:0:0:0:0:0:1 "GET /hystrix/css/monitor.css HTTP/1.1" 404 (4 ms)
[24/Aug/2019:16:01:01 +0300] 0:0:0:0:0:0:0:1 "GET /hystrix/js/tmpl.js HTTP/1.1" 404 (4 ms)
[24/Aug/2019:16:01:01 +0300] 0:0:0:0:0:0:0:1 "GET /hystrix/components/hystrixCommand/hystrixCommand.js HTTP/1.1" 404 (4 ms)
[24/Aug/2019:16:01:01 +0300] 0:0:0:0:0:0:0:1 "GET /hystrix/components/hystrixCommand/hystrixCommand.css HTTP/1.1" 404 (4 ms)
[24/Aug/2019:16:01:01 +0300] 0:0:0:0:0:0:0:1 "GET /hystrix/components/hystrixThreadPool/hystrixThreadPool.css HTTP/1.1" 404 (4 ms)
[24/Aug/2019:16:01:01 +0300] 0:0:0:0:0:0:0:1 "GET /hystrix/components/hystrixThreadPool/hystrixThreadPool.js HTTP/1.1" 404 (6 ms)
[24/Aug/2019:16:01:01 +0300] 0:0:0:0:0:0:0:1 "GET /hystrix/js/jquery.tinysort.min.js HTTP/1.1" 404 (4 ms)
[24/Aug/2019:16:01:01 +0300] 0:0:0:0:0:0:0:1 "GET /hystrix/js/tmpl.js HTTP/1.1" 404 (4 ms)
[24/Aug/2019:16:01:01 +0300] 0:0:0:0:0:0:0:1 "GET /hystrix/components/hystrixCommand/hystrixCommand.js HTTP/1.1" 404 (4 ms)
[24/Aug/2019:16:01:01 +0300] 0:0:0:0:0:0:0:1 "GET /hystrix/components/hystrixThreadPool/hystrixThreadPool.js HTTP/1.1" 404 (5 ms)
[24/Aug/2019:16:01:01 +0300] 0:0:0:0:0:0:0:1 "GET /hystrix/components/hystrixCommand/hystrixCommand.css HTTP/1.1" 404 (5 ms)
[24/Aug/2019:16:01:01 +0300] 0:0:0:0:0:0:0:1 "GET /hystrix/components/hystrixThreadPool/hystrixThreadPool.css HTTP/1.1" 404 (5 ms)
[24/Aug/2019:16:01:02 +0300] 0:0:0:0:0:0:0:1 "GET /hystrix/monitor?stream=localhost%3A8000%2Fapi%2Fv1%2Faccounts HTTP/1.1" 200 (6 ms)
[24/Aug/2019:16:01:02 +0300] 0:0:0:0:0:0:0:1 "GET /hystrix/css/global.css HTTP/1.1" 404 (4 ms)
[24/Aug/2019:16:01:02 +0300] 0:0:0:0:0:0:0:1 "GET /hystrix/css/monitor.css HTTP/1.1" 404 (5 ms)
[24/Aug/2019:16:01:02 +0300] 0:0:0:0:0:0:0:1 "GET /hystrix/js/jquery.tinysort.min.js HTTP/1.1" 404 (3 ms)
[24/Aug/2019:16:01:02 +0300] 0:0:0:0:0:0:0:1 "GET /hystrix/js/tmpl.js HTTP/1.1" 404 (3 ms)
[24/Aug/2019:16:01:02 +0300] 0:0:0:0:0:0:0:1 "GET /hystrix/components/hystrixCommand/hystrixCommand.js HTTP/1.1" 404 (3 ms)
[24/Aug/2019:16:01:02 +0300] 0:0:0:0:0:0:0:1 "GET /hystrix/components/hystrixThreadPool/hystrixThreadPool.js HTTP/1.1" 404 (3 ms)
[24/Aug/2019:16:01:02 +0300] 0:0:0:0:0:0:0:1 "GET /hystrix/components/hystrixCommand/hystrixCommand.css HTTP/1.1" 404 (3 ms)
[24/Aug/2019:16:01:02 +0300] 0:0:0:0:0:0:0:1 "GET /hystrix/components/hystrixThreadPool/hystrixThreadPool.css HTTP/1.1" 404 (5 ms)
[24/Aug/2019:16:01:02 +0300] 0:0:0:0:0:0:0:1 "GET /hystrix/js/jquery.tinysort.min.js HTTP/1.1" 404 (4 ms)
[24/Aug/2019:16:01:02 +0300] 0:0:0:0:0:0:0:1 "GET /hystrix/js/tmpl.js HTTP/1.1" 404 (2 ms)
[24/Aug/2019:16:01:02 +0300] 0:0:0:0:0:0:0:1 "GET /hystrix/components/hystrixCommand/hystrixCommand.js HTTP/1.1" 404 (4 ms)
[24/Aug/2019:16:01:02 +0300] 0:0:0:0:0:0:0:1 "GET /hystrix/components/hystrixThreadPool/hystrixThreadPool.js HTTP/1.1" 404 (3 ms)
[24/Aug/2019:16:01:02 +0300] 0:0:0:0:0:0:0:1 "GET /hystrix/components/hystrixCommand/hystrixCommand.css HTTP/1.1" 404 (3 ms)
[24/Aug/2019:16:01:02 +0300] 0:0:0:0:0:0:0:1 "GET /hystrix/components/hystrixThreadPool/hystrixThreadPool.css HTTP/1.1" 404 (4 ms)
[24/Aug/2019:16:01:02 +0300] 0:0:0:0:0:0:0:1 "GET /hystrix/monitor?stream=localhost%3A8000%2Fapi%2Fv1%2Faccounts HTTP/1.1" 200 (7 ms)
[24/Aug/2019:16:01:02 +0300] 0:0:0:0:0:0:0:1 "GET /hystrix/css/global.css HTTP/1.1" 404 (3 ms)
[24/Aug/2019:16:01:02 +0300] 0:0:0:0:0:0:0:1 "GET /hystrix/css/monitor.css HTTP/1.1" 404 (4 ms)
[24/Aug/2019:16:01:02 +0300] 0:0:0:0:0:0:0:1 "GET /hystrix/js/jquery.tinysort.min.js HTTP/1.1" 404 (3 ms)
[24/Aug/2019:16:01:02 +0300] 0:0:0:0:0:0:0:1 "GET /hystrix/js/tmpl.js HTTP/1.1" 404 (3 ms)
[24/Aug/2019:16:01:02 +0300] 0:0:0:0:0:0:0:1 "GET /hystrix/components/hystrixCommand/hystrixCommand.css HTTP/1.1" 404 (3 ms)
[24/Aug/2019:16:01:02 +0300] 0:0:0:0:0:0:0:1 "GET /hystrix/components/hystrixCommand/hystrixCommand.js HTTP/1.1" 404 (4 ms)
[24/Aug/2019:16:01:02 +0300] 0:0:0:0:0:0:0:1 "GET /hystrix/components/hystrixThreadPool/hystrixThreadPool.js HTTP/1.1" 404 (3 ms)
[24/Aug/2019:16:01:02 +0300] 0:0:0:0:0:0:0:1 "GET /hystrix/components/hystrixThreadPool/hystrixThreadPool.css HTTP/1.1" 404 (3 ms)
[24/Aug/2019:16:01:02 +0300] 0:0:0:0:0:0:0:1 "GET /hystrix/js/jquery.tinysort.min.js HTTP/1.1" 404 (5 ms)
[24/Aug/2019:16:01:02 +0300] 0:0:0:0:0:0:0:1 "GET /hystrix/js/tmpl.js HTTP/1.1" 404 (2 ms)
[24/Aug/2019:16:01:02 +0300] 0:0:0:0:0:0:0:1 "GET /hystrix/components/hystrixCommand/hystrixCommand.js HTTP/1.1" 404 (3 ms)
[24/Aug/2019:16:01:02 +0300] 0:0:0:0:0:0:0:1 "GET /hystrix/components/hystrixCommand/hystrixCommand.css HTTP/1.1" 404 (3 ms)
[24/Aug/2019:16:01:02 +0300] 0:0:0:0:0:0:0:1 "GET /hystrix/components/hystrixThreadPool/hystrixThreadPool.js HTTP/1.1" 404 (3 ms)
[24/Aug/2019:16:01:02 +0300] 0:0:0:0:0:0:0:1 "GET /hystrix/components/hystrixThreadPool/hystrixThreadPool.css HTTP/1.1" 404 (3 ms)
[24/Aug/2019:16:01:02 +0300] 0:0:0:0:0:0:0:1 "GET /hystrix/monitor?stream=localhost%3A8000%2Fapi%2Fv1%2Faccounts HTTP/1.1" 200 (5 ms)
[24/Aug/2019:16:01:02 +0300] 0:0:0:0:0:0:0:1 "GET /hystrix/css/global.css HTTP/1.1" 404 (4 ms)
[24/Aug/2019:16:01:02 +0300] 0:0:0:0:0:0:0:1 "GET /hystrix/js/jquery.tinysort.min.js HTTP/1.1" 404 (3 ms)
[24/Aug/2019:16:01:02 +0300] 0:0:0:0:0:0:0:1 "GET /hystrix/css/monitor.css HTTP/1.1" 404 (4 ms)
[24/Aug/2019:16:01:02 +0300] 0:0:0:0:0:0:0:1 "GET /hystrix/js/tmpl.js HTTP/1.1" 404 (3 ms)
[24/Aug/2019:16:01:02 +0300] 0:0:0:0:0:0:0:1 "GET /hystrix/components/hystrixCommand/hystrixCommand.js HTTP/1.1" 404 (3 ms)
[24/Aug/2019:16:01:02 +0300] 0:0:0:0:0:0:0:1 "GET /hystrix/components/hystrixThreadPool/hystrixThreadPool.js HTTP/1.1" 404 (2 ms)
[24/Aug/2019:16:01:02 +0300] 0:0:0:0:0:0:0:1 "GET /hystrix/components/hystrixCommand/hystrixCommand.css HTTP/1.1" 404 (3 ms)
[24/Aug/2019:16:01:02 +0300] 0:0:0:0:0:0:0:1 "GET /hystrix/components/hystrixThreadPool/hystrixThreadPool.css HTTP/1.1" 404 (5 ms)
[24/Aug/2019:16:01:02 +0300] 0:0:0:0:0:0:0:1 "GET /hystrix/js/jquery.tinysort.min.js HTTP/1.1" 404 (3 ms)
[24/Aug/2019:16:01:02 +0300] 0:0:0:0:0:0:0:1 "GET /hystrix/js/tmpl.js HTTP/1.1" 404 (4 ms)
[24/Aug/2019:16:01:02 +0300] 0:0:0:0:0:0:0:1 "GET /hystrix/components/hystrixCommand/hystrixCommand.js HTTP/1.1" 404 (4 ms)
[24/Aug/2019:16:01:02 +0300] 0:0:0:0:0:0:0:1 "GET /hystrix/components/hystrixThreadPool/hystrixThreadPool.js HTTP/1.1" 404 (3 ms)
[24/Aug/2019:16:01:02 +0300] 0:0:0:0:0:0:0:1 "GET /hystrix/components/hystrixCommand/hystrixCommand.css HTTP/1.1" 404 (3 ms)
[24/Aug/2019:16:01:02 +0300] 0:0:0:0:0:0:0:1 "GET /hystrix/components/hystrixThreadPool/hystrixThreadPool.css HTTP/1.1" 404 (3 ms)
[24/Aug/2019:16:01:12 +0300] 0:0:0:0:0:0:0:1 "POST /api/v1/accounts HTTP/1.1" 400 (11 ms)
[24/Aug/2019:16:36:06 +0300] 0:0:0:0:0:0:0:1 "GET /hystrix HTTP/1.1" 200 (292 ms)
[24/Aug/2019:16:36:06 +0300] 0:0:0:0:0:0:0:1 "GET /webjars/jquery/2.1.1/jquery.min.js HTTP/1.1" 200 (37 ms)
[24/Aug/2019:16:36:06 +0300] 0:0:0:0:0:0:0:1 "GET /hystrix/images/hystrix-logo.png HTTP/1.1" 404 (97 ms)
[24/Aug/2019:17:02:00 +0300] 0:0:0:0:0:0:0:1 "GET /hystrix HTTP/1.1" 200 (201 ms)
[24/Aug/2019:17:02:00 +0300] 0:0:0:0:0:0:0:1 "GET /hystrix/images/hystrix-logo.png HTTP/1.1" 404 (71 ms)
[24/Aug/2019:17:03:04 +0300] 0:0:0:0:0:0:0:1 "POST /api/v1/places HTTP/1.1" 201 (386 ms)
[24/Aug/2019:17:03:20 +0300] 0:0:0:0:0:0:0:1 "POST /api/v1/places HTTP/1.1" 400 (10 ms)
[24/Aug/2019:17:07:48 +0300] 0:0:0:0:0:0:0:1 "GET /api/v1/accounts HTTP/1.1" 200 (45 ms)
[24/Aug/2019:17:08:45 +0300] 0:0:0:0:0:0:0:1 "GET /hystrix HTTP/1.1" 200 (216 ms)
[24/Aug/2019:17:08:45 +0300] 0:0:0:0:0:0:0:1 "GET /hystrix/images/hystrix-logo.png HTTP/1.1" 404 (84 ms)
[24/Aug/2019:17:08:49 +0300] 0:0:0:0:0:0:0:1 "GET /api/v1/accounts HTTP/1.1" 404 (122 ms)
[24/Aug/2019:17:08:52 +0300] 0:0:0:0:0:0:0:1 "GET /api/v1/accounts HTTP/1.1" 404 (7 ms)
[24/Aug/2019:17:08:54 +0300] 0:0:0:0:0:0:0:1 "GET /api/v1/accounts HTTP/1.1" 404 (5 ms)
[24/Aug/2019:17:08:55 +0300] 0:0:0:0:0:0:0:1 "GET /api/v1/accounts HTTP/1.1" 404 (7 ms)
[24/Aug/2019:17:09:30 +0300] 0:0:0:0:0:0:0:1 "GET /hystrix/monitor?stream=https%3A%2F%2Flocalhost%3A8000%2Fapi%2Fv1%2Faccounts HTTP/1.1" 200 (16 ms)
[24/Aug/2019:17:09:30 +0300] 0:0:0:0:0:0:0:1 "GET /hystrix/css/global.css HTTP/1.1" 404 (5 ms)
[24/Aug/2019:17:09:30 +0300] 0:0:0:0:0:0:0:1 "GET /hystrix/css/monitor.css HTTP/1.1" 404 (4 ms)
[24/Aug/2019:17:09:30 +0300] 0:0:0:0:0:0:0:1 "GET /hystrix/js/jquery.tinysort.min.js HTTP/1.1" 404 (5 ms)
[24/Aug/2019:17:09:30 +0300] 0:0:0:0:0:0:0:1 "GET /hystrix/js/tmpl.js HTTP/1.1" 404 (4 ms)
[24/Aug/2019:17:09:30 +0300] 0:0:0:0:0:0:0:1 "GET /hystrix/components/hystrixCommand/hystrixCommand.js HTTP/1.1" 404 (5 ms)
[24/Aug/2019:17:09:30 +0300] 0:0:0:0:0:0:0:1 "GET /hystrix/components/hystrixThreadPool/hystrixThreadPool.js HTTP/1.1" 404 (3 ms)
[24/Aug/2019:17:09:30 +0300] 0:0:0:0:0:0:0:1 "GET /hystrix/components/hystrixCommand/hystrixCommand.css HTTP/1.1" 404 (5 ms)
[24/Aug/2019:17:09:30 +0300] 0:0:0:0:0:0:0:1 "GET /hystrix/components/hystrixThreadPool/hystrixThreadPool.css HTTP/1.1" 404 (5 ms)
[24/Aug/2019:17:09:30 +0300] 0:0:0:0:0:0:0:1 "GET /hystrix/js/jquery.tinysort.min.js HTTP/1.1" 404 (2 ms)
[24/Aug/2019:17:09:30 +0300] 0:0:0:0:0:0:0:1 "GET /hystrix/js/tmpl.js HTTP/1.1" 404 (2 ms)
[24/Aug/2019:17:09:30 +0300] 0:0:0:0:0:0:0:1 "GET /hystrix/components/hystrixCommand/hystrixCommand.js HTTP/1.1" 404 (2 ms)
[24/Aug/2019:17:09:30 +0300] 0:0:0:0:0:0:0:1 "GET /hystrix/components/hystrixCommand/hystrixCommand.css HTTP/1.1" 404 (2 ms)
[24/Aug/2019:17:09:30 +0300] 0:0:0:0:0:0:0:1 "GET /hystrix/components/hystrixThreadPool/hystrixThreadPool.js HTTP/1.1" 404 (2 ms)
[24/Aug/2019:17:09:30 +0300] 0:0:0:0:0:0:0:1 "GET /hystrix/components/hystrixThreadPool/hystrixThreadPool.css HTTP/1.1" 404 (2 ms)
