[25/Aug/2019:02:44:10 +0300] 0:0:0:0:0:0:0:1 "GET /jsondoc-ui.html HTTP/1.1" 404 (204 ms)
[25/Aug/2019:02:44:11 +0300] 0:0:0:0:0:0:0:1 "GET /favicon.ico HTTP/1.1" 404 (81 ms)
[25/Aug/2019:02:50:34 +0300] 0:0:0:0:0:0:0:1 "GET /jsondoc-ui.html HTTP/1.1" 404 (171 ms)
[25/Aug/2019:02:50:44 +0300] 0:0:0:0:0:0:0:1 "-" 400 (9 ms)
[25/Aug/2019:02:50:44 +0300] 0:0:0:0:0:0:0:1 "-" 400 (8 ms)
[25/Aug/2019:02:50:48 +0300] 0:0:0:0:0:0:0:1 "-" 400 (1 ms)
[25/Aug/2019:02:50:48 +0300] 0:0:0:0:0:0:0:1 "-" 400 (0 ms)
[25/Aug/2019:02:52:26 +0300] 0:0:0:0:0:0:0:1 "GET /jsondoc-ui.html HTTP/1.1" 404 (159 ms)
[25/Aug/2019:03:11:40 +0300] 0:0:0:0:0:0:0:1 "POST /api/v1/books HTTP/1.1" 500 (254 ms)
[25/Aug/2019:03:13:41 +0300] 0:0:0:0:0:0:0:1 "POST /api/v1/books HTTP/1.1" 201 (321 ms)
[25/Aug/2019:03:16:21 +0300] 0:0:0:0:0:0:0:1 "GET /api/v1/books HTTP/1.1" 500 (77 ms)
[25/Aug/2019:03:19:39 +0300] 0:0:0:0:0:0:0:1 "GET /api/v1/books HTTP/1.1" 404 (238 ms)
[25/Aug/2019:03:19:48 +0300] 0:0:0:0:0:0:0:1 "POST /api/v1/books HTTP/1.1" 201 (148 ms)
[25/Aug/2019:03:19:49 +0300] 0:0:0:0:0:0:0:1 "POST /api/v1/books HTTP/1.1" 201 (40 ms)
[25/Aug/2019:03:19:50 +0300] 0:0:0:0:0:0:0:1 "POST /api/v1/books HTTP/1.1" 201 (40 ms)
[25/Aug/2019:03:19:50 +0300] 0:0:0:0:0:0:0:1 "POST /api/v1/books HTTP/1.1" 201 (42 ms)
[25/Aug/2019:03:19:51 +0300] 0:0:0:0:0:0:0:1 "POST /api/v1/books HTTP/1.1" 201 (43 ms)
[25/Aug/2019:03:19:55 +0300] 0:0:0:0:0:0:0:1 "GET /api/v1/books HTTP/1.1" 200 (113 ms)
[25/Aug/2019:03:20:36 +0300] 0:0:0:0:0:0:0:1 "GET /jsondoc-ui.html HTTP/1.1" 404 (48 ms)
[25/Aug/2019:03:29:48 +0300] 0:0:0:0:0:0:0:1 "GET /api/v1/books HTTP/1.1" 200 (45 ms)
